  [1m[36m (0.9ms)[0m  [1mCREATE TABLE "schema_migrations" ("version" varchar NOT NULL) [0m
  [1m[35m (0.3ms)[0m  select sqlite_version(*)
  [1m[36m (0.9ms)[0m  [1mCREATE UNIQUE INDEX "unique_schema_migrations" ON "schema_migrations" ("version")[0m
  [1m[35mActiveRecord::SchemaMigration Load (0.1ms)[0m  SELECT "schema_migrations".* FROM "schema_migrations"
Migrating to CreateCourses (20160428143416)
  [1m[36m (0.1ms)[0m  [1mbegin transaction[0m
  [1m[35m (0.7ms)[0m  CREATE TABLE "courses" ("id" INTEGER PRIMARY KEY AUTOINCREMENT NOT NULL, "initials" varchar, "section" varchar, "nrc" integer, "information" text, "vacancy" integer, "power_n" integer, "projector" boolean, "created_at" datetime NOT NULL, "updated_at" datetime NOT NULL) 
  [1m[36mSQL (0.2ms)[0m  [1mINSERT INTO "schema_migrations" ("version") VALUES (?)[0m  [["version", "20160428143416"]]
  [1m[35m (0.7ms)[0m  commit transaction
Migrating to CreateTeachers (20160428143435)
  [1m[36m (0.1ms)[0m  [1mbegin transaction[0m
  [1m[35m (0.5ms)[0m  CREATE TABLE "teachers" ("id" INTEGER PRIMARY KEY AUTOINCREMENT NOT NULL, "username" varchar, "nrc" integer, "created_at" datetime NOT NULL, "updated_at" datetime NOT NULL) 
  [1m[36mSQL (0.2ms)[0m  [1mINSERT INTO "schema_migrations" ("version") VALUES (?)[0m  [["version", "20160428143435"]]
  [1m[35m (0.8ms)[0m  commit transaction
Migrating to CreateClassrooms (20160428143512)
  [1m[36m (0.1ms)[0m  [1mbegin transaction[0m
  [1m[35m (0.5ms)[0m  CREATE TABLE "classrooms" ("id" INTEGER PRIMARY KEY AUTOINCREMENT NOT NULL, "identifier" varchar, "name" varchar, "information" text, "floor" integer, "capacity" integer, "power_n" integer, "projector" boolean, "created_at" datetime NOT NULL, "updated_at" datetime NOT NULL) 
  [1m[36mSQL (0.2ms)[0m  [1mINSERT INTO "schema_migrations" ("version") VALUES (?)[0m  [["version", "20160428143512"]]
  [1m[35m (0.8ms)[0m  commit transaction
Migrating to CreateSchedules (20160428143529)
  [1m[36m (0.1ms)[0m  [1mbegin transaction[0m
  [1m[35m (0.6ms)[0m  CREATE TABLE "schedules" ("id" INTEGER PRIMARY KEY AUTOINCREMENT NOT NULL, "nrc" integer, "module" varchar, "date" varchar, "type" varchar, "created_at" datetime NOT NULL, "updated_at" datetime NOT NULL) 
  [1m[36mSQL (0.3ms)[0m  [1mINSERT INTO "schema_migrations" ("version") VALUES (?)[0m  [["version", "20160428143529"]]
  [1m[35m (0.8ms)[0m  commit transaction
Migrating to DeviseCreateUsers (20160428145240)
  [1m[36m (0.1ms)[0m  [1mbegin transaction[0m
  [1m[35m (0.5ms)[0m  CREATE TABLE "users" ("id" INTEGER PRIMARY KEY AUTOINCREMENT NOT NULL, "email" varchar DEFAULT '' NOT NULL, "encrypted_password" varchar DEFAULT '' NOT NULL, "reset_password_token" varchar, "reset_password_sent_at" datetime, "remember_created_at" datetime, "sign_in_count" integer DEFAULT 0 NOT NULL, "current_sign_in_at" datetime, "last_sign_in_at" datetime, "current_sign_in_ip" varchar, "last_sign_in_ip" varchar, "username" varchar, "rol_id" integer, "created_at" datetime NOT NULL, "updated_at" datetime NOT NULL) 
  [1m[36m (0.4ms)[0m  [1mCREATE UNIQUE INDEX "index_users_on_email" ON "users" ("email")[0m
  [1m[35m (0.2ms)[0m              SELECT sql
            FROM sqlite_master
            WHERE name='index_users_on_email' AND type='index'
            UNION ALL
            SELECT sql
            FROM sqlite_temp_master
            WHERE name='index_users_on_email' AND type='index'

  [1m[36m (0.2ms)[0m  [1mCREATE UNIQUE INDEX "index_users_on_reset_password_token" ON "users" ("reset_password_token")[0m
  [1m[35mSQL (0.2ms)[0m  INSERT INTO "schema_migrations" ("version") VALUES (?)  [["version", "20160428145240"]]
  [1m[36m (1.2ms)[0m  [1mcommit transaction[0m
Migrating to CreateAssignations (20160429191213)
  [1m[35m (0.1ms)[0m  begin transaction
  [1m[36m (0.8ms)[0m  [1mCREATE TABLE "assignations" ("id" INTEGER PRIMARY KEY AUTOINCREMENT NOT NULL, "schedule_id" integer, "classroom_id" integer, "created_at" datetime NOT NULL, "updated_at" datetime NOT NULL) [0m
  [1m[35mSQL (0.4ms)[0m  INSERT INTO "schema_migrations" ("version") VALUES (?)  [["version", "20160429191213"]]
  [1m[36m (1.2ms)[0m  [1mcommit transaction[0m
Migrating to AddPartToUser (20160430043229)
  [1m[35m (0.1ms)[0m  begin transaction
  [1m[36m (1.7ms)[0m  [1mALTER TABLE "users" ADD "role" integer[0m
  [1m[35m (0.1ms)[0m              SELECT sql
            FROM sqlite_master
            WHERE name='index_users_on_reset_password_token' AND type='index'
            UNION ALL
            SELECT sql
            FROM sqlite_temp_master
            WHERE name='index_users_on_reset_password_token' AND type='index'

  [1m[36m (0.1ms)[0m  [1m            SELECT sql
            FROM sqlite_master
            WHERE name='index_users_on_email' AND type='index'
            UNION ALL
            SELECT sql
            FROM sqlite_temp_master
            WHERE name='index_users_on_email' AND type='index'
[0m
  [1m[35m (0.3ms)[0m  CREATE  INDEX "index_users_on_role" ON "users" ("role")
  [1m[36mSQL (0.2ms)[0m  [1mINSERT INTO "schema_migrations" ("version") VALUES (?)[0m  [["version", "20160430043229"]]
  [1m[35m (0.7ms)[0m  commit transaction
Migrating to RemovePartFromUser (20160430043412)
  [1m[36m (0.1ms)[0m  [1mbegin transaction[0m
  [1m[35m (0.7ms)[0m  CREATE TEMPORARY TABLE "ausers" ("id" INTEGER PRIMARY KEY AUTOINCREMENT NOT NULL, "email" varchar DEFAULT '' NOT NULL, "encrypted_password" varchar DEFAULT '' NOT NULL, "reset_password_token" varchar, "reset_password_sent_at" datetime, "remember_created_at" datetime, "sign_in_count" integer DEFAULT 0 NOT NULL, "current_sign_in_at" datetime, "last_sign_in_at" datetime, "current_sign_in_ip" varchar, "last_sign_in_ip" varchar, "username" varchar, "rol_id" integer, "created_at" datetime NOT NULL, "updated_at" datetime NOT NULL, "role" integer) 
  [1m[36m (0.2ms)[0m  [1m            SELECT sql
            FROM sqlite_master
            WHERE name='index_users_on_role' AND type='index'
            UNION ALL
            SELECT sql
            FROM sqlite_temp_master
            WHERE name='index_users_on_role' AND type='index'
[0m
  [1m[35m (0.2ms)[0m              SELECT sql
            FROM sqlite_master
            WHERE name='index_users_on_reset_password_token' AND type='index'
            UNION ALL
            SELECT sql
            FROM sqlite_temp_master
            WHERE name='index_users_on_reset_password_token' AND type='index'

  [1m[36m (0.1ms)[0m  [1m            SELECT sql
            FROM sqlite_master
            WHERE name='index_users_on_email' AND type='index'
            UNION ALL
            SELECT sql
            FROM sqlite_temp_master
            WHERE name='index_users_on_email' AND type='index'
[0m
  [1m[35m (0.2ms)[0m  CREATE  INDEX "tindex_ausers_on_role" ON "ausers" ("role")
  [1m[36m (0.6ms)[0m  [1mCREATE UNIQUE INDEX "tindex_ausers_on_reset_password_token" ON "ausers" ("reset_password_token")[0m
  [1m[35m (0.2ms)[0m  CREATE UNIQUE INDEX "tindex_ausers_on_email" ON "ausers" ("email")
  [1m[36m (0.1ms)[0m  [1mSELECT * FROM "users"[0m
  [1m[35m (1.1ms)[0m  DROP TABLE "users"
  [1m[36m (0.3ms)[0m  [1mCREATE TABLE "users" ("id" INTEGER PRIMARY KEY AUTOINCREMENT NOT NULL, "email" varchar DEFAULT '' NOT NULL, "encrypted_password" varchar DEFAULT '' NOT NULL, "reset_password_token" varchar, "reset_password_sent_at" datetime, "remember_created_at" datetime, "sign_in_count" integer DEFAULT 0 NOT NULL, "current_sign_in_at" datetime, "last_sign_in_at" datetime, "current_sign_in_ip" varchar, "last_sign_in_ip" varchar, "username" varchar, "created_at" datetime NOT NULL, "updated_at" datetime NOT NULL, "role" integer) [0m
  [1m[35m (0.2ms)[0m              SELECT sql
            FROM sqlite_master
            WHERE name='tindex_ausers_on_email' AND type='index'
            UNION ALL
            SELECT sql
            FROM sqlite_temp_master
            WHERE name='tindex_ausers_on_email' AND type='index'

  [1m[36m (0.1ms)[0m  [1m            SELECT sql
            FROM sqlite_master
            WHERE name='tindex_ausers_on_reset_password_token' AND type='index'
            UNION ALL
            SELECT sql
            FROM sqlite_temp_master
            WHERE name='tindex_ausers_on_reset_password_token' AND type='index'
[0m
  [1m[35m (0.1ms)[0m              SELECT sql
            FROM sqlite_master
            WHERE name='tindex_ausers_on_role' AND type='index'
            UNION ALL
            SELECT sql
            FROM sqlite_temp_master
            WHERE name='tindex_ausers_on_role' AND type='index'

  [1m[36m (0.6ms)[0m  [1mCREATE UNIQUE INDEX "index_users_on_email" ON "users" ("email")[0m
  [1m[35m (0.1ms)[0m              SELECT sql
            FROM sqlite_master
            WHERE name='index_users_on_email' AND type='index'
            UNION ALL
            SELECT sql
            FROM sqlite_temp_master
            WHERE name='index_users_on_email' AND type='index'

  [1m[36m (0.3ms)[0m  [1mCREATE UNIQUE INDEX "index_users_on_reset_password_token" ON "users" ("reset_password_token")[0m
  [1m[35m (0.1ms)[0m              SELECT sql
            FROM sqlite_master
            WHERE name='index_users_on_reset_password_token' AND type='index'
            UNION ALL
            SELECT sql
            FROM sqlite_temp_master
            WHERE name='index_users_on_reset_password_token' AND type='index'

  [1m[36m (0.1ms)[0m  [1m            SELECT sql
            FROM sqlite_master
            WHERE name='index_users_on_email' AND type='index'
            UNION ALL
            SELECT sql
            FROM sqlite_temp_master
            WHERE name='index_users_on_email' AND type='index'
[0m
  [1m[35m (0.2ms)[0m  CREATE  INDEX "index_users_on_role" ON "users" ("role")
  [1m[36m (0.2ms)[0m  [1mSELECT * FROM "ausers"[0m
  [1m[35m (0.5ms)[0m  DROP TABLE "ausers"
  [1m[36mSQL (0.2ms)[0m  [1mINSERT INTO "schema_migrations" ("version") VALUES (?)[0m  [["version", "20160430043412"]]
  [1m[35m (1.4ms)[0m  commit transaction
Migrating to AddTipoToSchedule (20160521213332)
  [1m[36m (0.1ms)[0m  [1mbegin transaction[0m
  [1m[35m (0.6ms)[0m  ALTER TABLE "schedules" ADD "tipo" varchar
  [1m[36mSQL (0.2ms)[0m  [1mINSERT INTO "schema_migrations" ("version") VALUES (?)[0m  [["version", "20160521213332"]]
  [1m[35m (0.7ms)[0m  commit transaction
Migrating to AddUserIdToCourses (20160612070333)
  [1m[36m (0.1ms)[0m  [1mbegin transaction[0m
  [1m[35m (0.6ms)[0m  ALTER TABLE "courses" ADD "user_id" integer
  [1m[36m (0.2ms)[0m  [1mCREATE  INDEX "index_courses_on_user_id" ON "courses" ("user_id")[0m
  [1m[35mSQL (0.2ms)[0m  INSERT INTO "schema_migrations" ("version") VALUES (?)  [["version", "20160612070333"]]
  [1m[36m (0.8ms)[0m  [1mcommit transaction[0m
Migrating to AddLongitudeToClassrooms (20160620023851)
  [1m[35m (0.1ms)[0m  begin transaction
  [1m[36m (0.8ms)[0m  [1mALTER TABLE "classrooms" ADD "longitude" varchar[0m
  [1m[35mSQL (0.3ms)[0m  INSERT INTO "schema_migrations" ("version") VALUES (?)  [["version", "20160620023851"]]
  [1m[36m (0.8ms)[0m  [1mcommit transaction[0m
Migrating to AddLatitudeToClassrooms (20160620023907)
  [1m[35m (0.1ms)[0m  begin transaction
  [1m[36m (0.6ms)[0m  [1mALTER TABLE "classrooms" ADD "latitude" varchar[0m
  [1m[35mSQL (0.2ms)[0m  INSERT INTO "schema_migrations" ("version") VALUES (?)  [["version", "20160620023907"]]
  [1m[36m (0.8ms)[0m  [1mcommit transaction[0m
  [1m[35mActiveRecord::SchemaMigration Load (0.2ms)[0m  SELECT "schema_migrations".* FROM "schema_migrations"
  [1m[36m (0.2ms)[0m  [1m            SELECT sql
            FROM sqlite_master
            WHERE name='index_courses_on_user_id' AND type='index'
            UNION ALL
            SELECT sql
            FROM sqlite_temp_master
            WHERE name='index_courses_on_user_id' AND type='index'
[0m
  [1m[35m (0.2ms)[0m              SELECT sql
            FROM sqlite_master
            WHERE name='index_users_on_role' AND type='index'
            UNION ALL
            SELECT sql
            FROM sqlite_temp_master
            WHERE name='index_users_on_role' AND type='index'

  [1m[36m (0.1ms)[0m  [1m            SELECT sql
            FROM sqlite_master
            WHERE name='index_users_on_reset_password_token' AND type='index'
            UNION ALL
            SELECT sql
            FROM sqlite_temp_master
            WHERE name='index_users_on_reset_password_token' AND type='index'
[0m
  [1m[35m (0.1ms)[0m              SELECT sql
            FROM sqlite_master
            WHERE name='index_users_on_email' AND type='index'
            UNION ALL
            SELECT sql
            FROM sqlite_temp_master
            WHERE name='index_users_on_email' AND type='index'

  [1m[36mActiveRecord::SchemaMigration Load (0.2ms)[0m  [1mSELECT "schema_migrations".* FROM "schema_migrations"[0m
  [1m[35m (0.1ms)[0m  begin transaction
  [1m[36mUser Exists (0.2ms)[0m  [1mSELECT  1 AS one FROM "users" WHERE "users"."email" = 'admin@admin.com' LIMIT 1[0m
  [1m[35mSQL (0.5ms)[0m  INSERT INTO "users" ("email", "encrypted_password", "role", "created_at", "updated_at") VALUES (?, ?, ?, ?, ?)  [["email", "admin@admin.com"], ["encrypted_password", "$2a$11$05oF/OGGDzPRrqDI7JVLxuee3dJZ4vXc6v3W0A7zQul9uUk/.DE3S"], ["role", 1], ["created_at", "2016-06-21 19:29:06.518611"], ["updated_at", "2016-06-21 19:29:06.518611"]]
  [1m[36m (0.6ms)[0m  [1mcommit transaction[0m


Started GET "/" for ::1 at 2016-06-21 15:29:29 -0400
  [1m[36mActiveRecord::SchemaMigration Load (0.4ms)[0m  [1mSELECT "schema_migrations".* FROM "schema_migrations"[0m
Processing by PagesController#main as HTML
  [1m[35mUser Load (0.5ms)[0m  SELECT  "users".* FROM "users" WHERE "users"."id" = ?  ORDER BY "users"."id" ASC LIMIT 1  [["id", 1]]
  Rendered pages/main.html.erb within layouts/application (1094.0ms)
Completed 200 OK in 1290ms (Views: 1278.5ms | ActiveRecord: 0.9ms)


Started GET "/assets/slit-slider.self-ca500b33b1405b8ae4d8891c0d6a2de734c13c84d6f445f26f8617354b149417.css?body=1" for ::1 at 2016-06-21 15:29:31 -0400


Started GET "/login" for ::1 at 2016-06-21 15:29:46 -0400
Processing by Devise::SessionsController#new as HTML
  Rendered devise/shared/_links.html.erb (3.5ms)
  Rendered devise/sessions/new.html.erb within layouts/application (52.6ms)
Completed 200 OK in 96ms (Views: 91.7ms | ActiveRecord: 0.0ms)


Started POST "/login" for ::1 at 2016-06-21 15:29:54 -0400
Processing by Devise::SessionsController#create as HTML
  Parameters: {"utf8"=>"✓", "authenticity_token"=>"Lp+PNm2tbNZ8buFA40ULOUXlJaplPz7A/irgFd+v9xmI0zmt7tbZPtlhmz4yIgevInmXKEO3xyuqKUUo/bwqWQ==", "user"=>{"email"=>"admin@admin.com", "password"=>"[FILTERED]", "remember_me"=>"1"}, "commit"=>"Log in"}
  [1m[36mUser Load (0.6ms)[0m  [1mSELECT  "users".* FROM "users" WHERE "users"."email" = ?  ORDER BY "users"."id" ASC LIMIT 1[0m  [["email", "admin@admin.com"]]
  [1m[35m (0.1ms)[0m  begin transaction
  [1m[36mSQL (0.5ms)[0m  [1mUPDATE "users" SET "remember_created_at" = ?, "updated_at" = ? WHERE "users"."id" = ?[0m  [["remember_created_at", "2016-06-21 19:29:54.915483"], ["updated_at", "2016-06-21 19:29:54.916325"], ["id", 1]]
  [1m[35m (0.6ms)[0m  commit transaction
  [1m[36m (0.1ms)[0m  [1mbegin transaction[0m
  [1m[35mSQL (0.3ms)[0m  UPDATE "users" SET "last_sign_in_at" = ?, "current_sign_in_at" = ?, "last_sign_in_ip" = ?, "current_sign_in_ip" = ?, "sign_in_count" = ?, "updated_at" = ? WHERE "users"."id" = ?  [["last_sign_in_at", "2016-06-21 19:29:54.921505"], ["current_sign_in_at", "2016-06-21 19:29:54.921505"], ["last_sign_in_ip", "::1"], ["current_sign_in_ip", "::1"], ["sign_in_count", 1], ["updated_at", "2016-06-21 19:29:54.923094"], ["id", 1]]
  [1m[36m (0.6ms)[0m  [1mcommit transaction[0m
Redirected to http://localhost:3000/
Completed 302 Found in 201ms (ActiveRecord: 2.7ms)


Started GET "/" for ::1 at 2016-06-21 15:29:54 -0400
Processing by PagesController#main as HTML
  [1m[35mUser Load (0.1ms)[0m  SELECT  "users".* FROM "users" WHERE "users"."id" = ?  ORDER BY "users"."id" ASC LIMIT 1  [["id", 1]]
  Rendered pages/main.html.erb within layouts/application (16.3ms)
Completed 200 OK in 50ms (Views: 49.4ms | ActiveRecord: 0.1ms)


Started GET "/" for ::1 at 2016-06-21 15:29:58 -0400
Processing by PagesController#main as HTML
  [1m[36mUser Load (0.1ms)[0m  [1mSELECT  "users".* FROM "users" WHERE "users"."id" = ?  ORDER BY "users"."id" ASC LIMIT 1[0m  [["id", 4]]
  Rendered pages/main.html.erb within layouts/application (7.5ms)
Completed 200 OK in 38ms (Views: 37.2ms | ActiveRecord: 0.1ms)


Started GET "/assets/slit-slider.self-ca500b33b1405b8ae4d8891c0d6a2de734c13c84d6f445f26f8617354b149417.css?body=1" for ::1 at 2016-06-21 15:29:58 -0400


Started GET "/assets/slider/ingenieria_uc-c35120aace9cff61e323a6c1f79756331d855e0d58bc00db0383cfdb305e3b41.jpg" for ::1 at 2016-06-21 15:29:58 -0400


Started GET "/assets/slider/alumnos-ad59e9b6821fcd31fb469fbac6ddf0f6a97010fb7568690423f3580d9bc0f69e.jpg" for ::1 at 2016-06-21 15:29:58 -0400


Started GET "/registrarse" for ::1 at 2016-06-21 15:30:06 -0400
Processing by Devise::RegistrationsController#new as HTML
  Rendered devise/shared/_links.html.erb (0.8ms)
  Rendered devise/registrations/new.html.erb within layouts/application (8.7ms)
Completed 200 OK in 56ms (Views: 54.7ms | ActiveRecord: 0.0ms)


Started POST "/" for ::1 at 2016-06-21 15:31:05 -0400
Processing by Devise::RegistrationsController#create as HTML
  Parameters: {"utf8"=>"✓", "authenticity_token"=>"TS+WXpx3Z6imniCienvmh642kPgdIOzV/jJsx7vte/JiEi65ndaAFxdLKYjIPTsJCRl1Xpi4NatMtGQqVzHkFQ==", "user"=>{"email"=>"profesor@uc.cl", "password"=>"[FILTERED]", "password_confirmation"=>"[FILTERED]"}, "commit"=>"Registrarse"}
  [1m[35m (0.1ms)[0m  begin transaction
  [1m[36mUser Exists (0.2ms)[0m  [1mSELECT  1 AS one FROM "users" WHERE "users"."email" = 'profesor@uc.cl' LIMIT 1[0m
  [1m[35mSQL (1.0ms)[0m  INSERT INTO "users" ("email", "encrypted_password", "role", "created_at", "updated_at") VALUES (?, ?, ?, ?, ?)  [["email", "profesor@uc.cl"], ["encrypted_password", "$2a$11$Fa5O9XohBK5ijQJ9E.XRCuLv3o2M17J.32hpYN0DtDI9hOA0E4t7a"], ["role", 0], ["created_at", "2016-06-21 19:31:05.480979"], ["updated_at", "2016-06-21 19:31:05.480979"]]
  [1m[36m (0.8ms)[0m  [1mcommit transaction[0m
  [1m[35m (0.1ms)[0m  begin transaction
  [1m[36mSQL (0.3ms)[0m  [1mUPDATE "users" SET "last_sign_in_at" = ?, "current_sign_in_at" = ?, "last_sign_in_ip" = ?, "current_sign_in_ip" = ?, "sign_in_count" = ?, "updated_at" = ? WHERE "users"."id" = ?[0m  [["last_sign_in_at", "2016-06-21 19:31:05.484950"], ["current_sign_in_at", "2016-06-21 19:31:05.484950"], ["last_sign_in_ip", "::1"], ["current_sign_in_ip", "::1"], ["sign_in_count", 1], ["updated_at", "2016-06-21 19:31:05.485677"], ["id", 2]]
  [1m[35m (0.6ms)[0m  commit transaction
Redirected to http://localhost:3000/
Completed 302 Found in 183ms (ActiveRecord: 3.0ms)


Started GET "/" for ::1 at 2016-06-21 15:31:05 -0400
Processing by PagesController#main as HTML
  [1m[36mUser Load (0.1ms)[0m  [1mSELECT  "users".* FROM "users" WHERE "users"."id" = ?  ORDER BY "users"."id" ASC LIMIT 1[0m  [["id", 2]]
  Rendered pages/main.html.erb within layouts/application (11.7ms)
Completed 200 OK in 71ms (Views: 70.7ms | ActiveRecord: 0.1ms)


Started GET "/assets/slider/ingenieria_uc-c35120aace9cff61e323a6c1f79756331d855e0d58bc00db0383cfdb305e3b41.jpg" for ::1 at 2016-06-21 15:31:05 -0400


Started GET "/assets/slider/alumnos-ad59e9b6821fcd31fb469fbac6ddf0f6a97010fb7568690423f3580d9bc0f69e.jpg" for ::1 at 2016-06-21 15:31:05 -0400
